<?xml version="1.0" encoding="UTF-8"?>
<!-- Generated by org.testng.reporters.JUnitReportReporter -->
<testsuite hostname="sohi" failures="0" tests="1" name="testlayer.ruff" time="16.112" errors="0" timestamp="2023-09-05T19:51:53 EDT" skipped="0">
  <testcase classname="testlayer.ruff" name="count" time="16.112"/>
  <system-out/>
</testsuite> <!-- testlayer.ruff -->
