<?xml version="1.0" encoding="UTF-8"?>
<!-- Generated by org.testng.reporters.JUnitReportReporter -->
<testsuite hostname="sohi" failures="0" tests="6" name="testlayer.SortingTest" time="0.000" errors="0" timestamp="2023-09-07T13:49:19 EDT" skipped="6">
  <testcase classname="testlayer.SortingTest" name="repetitionofProducts" time="0.000">
    <skipped/>
  </testcase> <!-- repetitionofProducts -->
  <system-out/>
  <testcase classname="testlayer.SortingTest" name="FilterAndSort" time="0.000">
    <skipped/>
  </testcase> <!-- FilterAndSort -->
  <system-out/>
  <testcase classname="testlayer.SortingTest" name="ClickSortingOption" time="0.000">
    <skipped/>
  </testcase> <!-- ClickSortingOption -->
  <system-out/>
  <testcase classname="testlayer.SortingTest" name="Filters" time="0.000">
    <skipped/>
  </testcase> <!-- Filters -->
  <system-out/>
  <testcase classname="testlayer.SortingTest" name="DuplicateProducts" time="0.000">
    <skipped/>
  </testcase> <!-- DuplicateProducts -->
  <system-out/>
  <testcase classname="testlayer.SortingTest" name="SortOptions" time="0.000">
    <skipped/>
  </testcase> <!-- SortOptions -->
  <system-out/>
</testsuite> <!-- testlayer.SortingTest -->
