<?xml version="1.0" encoding="UTF-8"?>
<!-- Generated by org.testng.reporters.JUnitReportReporter -->
<testsuite hostname="sohi" failures="0" tests="2" name="testlayer.GuestaccountTest" time="0.001" errors="0" timestamp="2023-09-07T13:49:19 EDT" skipped="2">
  <testcase classname="testlayer.GuestaccountTest" name="Checkout" time="0.001">
    <skipped/>
  </testcase> <!-- Checkout -->
  <system-out/>
  <testcase classname="testlayer.GuestaccountTest" name="Searchproduct" time="0.000">
    <skipped/>
  </testcase> <!-- Searchproduct -->
  <system-out/>
</testsuite> <!-- testlayer.GuestaccountTest -->
