<?xml version="1.0" encoding="UTF-8"?>
<!-- Generated by org.testng.reporters.JUnitReportReporter -->
<testsuite hostname="sohi" failures="0" tests="1" name="testlayer.YourAddressModuleTest" time="1.762" errors="0" timestamp="2023-09-07T13:22:22 EDT" skipped="0">
  <testcase classname="testlayer.YourAddressModuleTest" name="AddressSuggestion" time="1.762"/>
  <system-out/>
</testsuite> <!-- testlayer.YourAddressModuleTest -->
