<?xml version="1.0" encoding="UTF-8"?>
<!-- Generated by org.testng.reporters.JUnitReportReporter -->
<testsuite hostname="sohi" failures="0" tests="1" name="testlayer.LoginAndSecurityTest" time="0.000" errors="0" timestamp="2023-09-07T13:49:19 EDT" skipped="1">
  <testcase classname="testlayer.LoginAndSecurityTest" name="AbilitytoAddItems" time="0.000">
    <skipped/>
  </testcase> <!-- AbilitytoAddItems -->
  <system-out/>
</testsuite> <!-- testlayer.LoginAndSecurityTest -->
