<?xml version="1.0" encoding="UTF-8"?>
<!-- Generated by org.testng.reporters.JUnitReportReporter -->
<testsuite hostname="sohi" failures="0" tests="2" name="testlayer.Youraccountmodule" time="0.000" errors="0" timestamp="2023-09-07T13:49:19 EDT" skipped="2">
  <testcase classname="testlayer.Youraccountmodule" name="clicktxtmsg" time="0.000">
    <skipped/>
  </testcase> <!-- clicktxtmsg -->
  <system-out/>
  <testcase classname="testlayer.Youraccountmodule" name="verifymsg" time="0.000">
    <skipped/>
  </testcase> <!-- verifymsg -->
  <system-out/>
</testsuite> <!-- testlayer.Youraccountmodule -->
