<?xml version="1.0" encoding="UTF-8"?>
<!-- Generated by org.testng.reporters.JUnitReportReporter -->
<testsuite hostname="sohi" failures="0" tests="10" name="testlayer.CreateAccountClass" time="0.001" errors="0" timestamp="2023-09-07T13:49:19 EDT" skipped="10">
  <testcase classname="testlayer.CreateAccountClass" name="InvalidPassword" time="0.000">
    <skipped/>
  </testcase> <!-- InvalidPassword -->
  <system-out/>
  <testcase classname="testlayer.CreateAccountClass" name="ExistingAccount" time="0.000">
    <skipped/>
  </testcase> <!-- ExistingAccount -->
  <system-out/>
  <testcase classname="testlayer.CreateAccountClass" name="ValidPasswordFields" time="0.000">
    <skipped/>
  </testcase> <!-- ValidPasswordFields -->
  <system-out/>
  <testcase classname="testlayer.CreateAccountClass" name="accountCreationValid" time="0.000">
    <skipped/>
  </testcase> <!-- accountCreationValid -->
  <system-out/>
  <testcase classname="testlayer.CreateAccountClass" name="accountCreation" time="0.000">
    <skipped/>
  </testcase> <!-- accountCreation -->
  <system-out/>
  <testcase classname="testlayer.CreateAccountClass" name="EmptyName" time="0.000">
    <skipped/>
  </testcase> <!-- EmptyName -->
  <system-out/>
  <testcase classname="testlayer.CreateAccountClass" name="DifferentPasswordagainField" time="0.000">
    <skipped/>
  </testcase> <!-- DifferentPasswordagainField -->
  <system-out/>
  <testcase classname="testlayer.CreateAccountClass" name="PartialEmail" time="0.000">
    <skipped/>
  </testcase> <!-- PartialEmail -->
  <system-out/>
  <testcase classname="testlayer.CreateAccountClass" name="partialMObileNo" time="0.001">
    <skipped/>
  </testcase> <!-- partialMObileNo -->
  <system-out/>
  <testcase classname="testlayer.CreateAccountClass" name="EmptyEmail" time="0.000">
    <skipped/>
  </testcase> <!-- EmptyEmail -->
  <system-out/>
</testsuite> <!-- testlayer.CreateAccountClass -->
