<?xml version="1.0" encoding="UTF-8"?>
<!-- Generated by org.testng.reporters.JUnitReportReporter -->
<testsuite hostname="sohi" failures="0" tests="11" name="testlayer.SearchingTest" time="0.000" errors="0" timestamp="2023-09-07T13:49:19 EDT" skipped="11">
  <testcase classname="testlayer.SearchingTest" name="productinformation" time="0.000">
    <skipped/>
  </testcase> <!-- productinformation -->
  <system-out/>
  <testcase classname="testlayer.SearchingTest" name="SearchWithCategory" time="0.000">
    <skipped/>
  </testcase> <!-- SearchWithCategory -->
  <system-out/>
  <testcase classname="testlayer.SearchingTest" name="RelevantProducts" time="0.000">
    <skipped/>
  </testcase> <!-- RelevantProducts -->
  <system-out/>
  <testcase classname="testlayer.SearchingTest" name="SearchwithDescriptionText" time="0.000">
    <skipped/>
  </testcase> <!-- SearchwithDescriptionText -->
  <system-out/>
  <testcase classname="testlayer.SearchingTest" name="NumberOfProducts" time="0.000">
    <skipped/>
  </testcase> <!-- NumberOfProducts -->
  <system-out/>
  <testcase classname="testlayer.SearchingTest" name="SearchWithItemNumber" time="0.000">
    <skipped/>
  </testcase> <!-- SearchWithItemNumber -->
  <system-out/>
  <testcase classname="testlayer.SearchingTest" name="SearchwithPartialItemsNumber" time="0.000">
    <skipped/>
  </testcase> <!-- SearchwithPartialItemsNumber -->
  <system-out/>
  <testcase classname="testlayer.SearchingTest" name="SearchPage" time="0.000">
    <skipped/>
  </testcase> <!-- SearchPage -->
  <system-out/>
  <testcase classname="testlayer.SearchingTest" name="SearchWithKeyword" time="0.000">
    <skipped/>
  </testcase> <!-- SearchWithKeyword -->
  <system-out/>
  <testcase classname="testlayer.SearchingTest" name="NextButtonFunctionality" time="0.000">
    <skipped/>
  </testcase> <!-- NextButtonFunctionality -->
  <system-out/>
  <testcase classname="testlayer.SearchingTest" name="SearchWithPartialText" time="0.000">
    <skipped/>
  </testcase> <!-- SearchWithPartialText -->
  <system-out/>
</testsuite> <!-- testlayer.SearchingTest -->
