<?xml version="1.0" encoding="UTF-8"?>
<!-- Generated by org.testng.reporters.JUnitReportReporter -->
<testsuite hostname="sohi" failures="0" tests="7" name="testlayer.UsernameTest" time="0.000" errors="0" timestamp="2023-09-07T13:49:19 EDT" skipped="7">
  <testcase classname="testlayer.UsernameTest" name="invalidusername" time="0.000">
    <skipped/>
  </testcase> <!-- invalidusername -->
  <system-out/>
  <testcase classname="testlayer.UsernameTest" name="emptyusername" time="0.000">
    <skipped/>
  </testcase> <!-- emptyusername -->
  <system-out/>
  <testcase classname="testlayer.UsernameTest" name="checkedKeepMeSignIn" time="0.000">
    <skipped/>
  </testcase> <!-- checkedKeepMeSignIn -->
  <system-out/>
  <testcase classname="testlayer.UsernameTest" name="validusername" time="0.000">
    <skipped/>
  </testcase> <!-- validusername -->
  <system-out/>
  <testcase classname="testlayer.UsernameTest" name="invalidpassword" time="0.000">
    <skipped/>
  </testcase> <!-- invalidpassword -->
  <system-out/>
  <testcase classname="testlayer.UsernameTest" name="emptypassword" time="0.000">
    <skipped/>
  </testcase> <!-- emptypassword -->
  <system-out/>
  <testcase classname="testlayer.UsernameTest" name="validPassword" time="0.000">
    <skipped/>
  </testcase> <!-- validPassword -->
  <system-out/>
</testsuite> <!-- testlayer.UsernameTest -->
