<?xml version="1.0" encoding="UTF-8"?>
<!-- Generated by org.testng.reporters.JUnitReportReporter -->
<testsuite hostname="sohi" failures="0" tests="7" name="testlayer.ShoppingcartTest" time="0.000" errors="0" timestamp="2023-09-07T13:49:19 EDT" skipped="7">
  <testcase classname="testlayer.ShoppingcartTest" name="InfoAboutProduct" time="0.000">
    <skipped/>
  </testcase> <!-- InfoAboutProduct -->
  <system-out/>
  <testcase classname="testlayer.ShoppingcartTest" name="priceverification" time="0.000">
    <skipped/>
  </testcase> <!-- priceverification -->
  <system-out/>
  <testcase classname="testlayer.ShoppingcartTest" name="Quanityverification" time="0.000">
    <skipped/>
  </testcase> <!-- Quanityverification -->
  <system-out/>
  <testcase classname="testlayer.ShoppingcartTest" name="featuresOfProducts" time="0.000">
    <skipped/>
  </testcase> <!-- featuresOfProducts -->
  <system-out/>
  <testcase classname="testlayer.ShoppingcartTest" name="HoldingItems" time="0.000">
    <skipped/>
  </testcase> <!-- HoldingItems -->
  <system-out/>
  <testcase classname="testlayer.ShoppingcartTest" name="removalOfItem" time="0.000">
    <skipped/>
  </testcase> <!-- removalOfItem -->
  <system-out/>
  <testcase classname="testlayer.ShoppingcartTest" name="verifyProduct" time="0.000">
    <skipped/>
  </testcase> <!-- verifyProduct -->
  <system-out/>
</testsuite> <!-- testlayer.ShoppingcartTest -->
